<?xml version="1.0" encoding="UTF-8"?>
<!-- Generated by org.testng.reporters.JUnitReportReporter -->
<testsuite hostname="LAPTOP-GAUPM6CM" failures="0" tests="1" name="sep18th.ValidateLoginWithoutProperites" time="12.786" errors="0" timestamp="2024-09-18T08:35:23 IST" skipped="0">
  <testcase classname="sep18th.ValidateLoginWithoutProperites" name="validateLoginTest" time="12.786"/>
</testsuite> <!-- sep18th.ValidateLoginWithoutProperites -->
