<?xml version="1.0" encoding="UTF-8"?>
<!-- Generated by org.testng.reporters.JUnitReportReporter -->
<testsuite hostname="LAPTOP-GAUPM6CM" failures="0" tests="1" name="sep18th.ValidateLoginWithProperites" time="13.418" errors="0" timestamp="2024-09-18T08:52:33 IST" skipped="0">
  <testcase classname="sep18th.ValidateLoginWithProperites" name="validateLoginTest" time="13.418"/>
</testsuite> <!-- sep18th.ValidateLoginWithProperites -->
